<?xml version="1.0" encoding="UTF-8"?>
<testng-results skipped="0" failed="1" ignored="2" total="6" passed="3">
  <reporter-output>
  </reporter-output>
  <suite name="Suite" duration-ms="18021" started-at="2020-01-17T14:13:08Z" finished-at="2020-01-17T14:13:26Z">
    <groups>
    </groups>
    <test name="Test" duration-ms="18021" started-at="2020-01-17T14:13:08Z" finished-at="2020-01-17T14:13:26Z">
      <class name="orangeHRM.testcases.LoginScenarios2">
        <test-method status="PASS" signature="setUp()[pri:0, instance:orangeHRM.testcases.LoginScenarios2@691a7f8f]" name="setUp" is-config="true" duration-ms="7614" started-at="2020-01-17T14:13:08Z" finished-at="2020-01-17T14:13:16Z">
          <reporter-output>
          </reporter-output>
        </test-method> <!-- setUp -->
        <test-method status="FAIL" signature="verifyPage()[pri:0, instance:orangeHRM.testcases.LoginScenarios2@691a7f8f]" name="verifyPage" duration-ms="16" started-at="2020-01-17T14:13:16Z" finished-at="2020-01-17T14:13:16Z">
          <exception class="java.lang.NullPointerException">
            <full-stacktrace>
              <![CDATA[java.lang.NullPointerException
at orangeHRM.testcases.LoginScenarios2.verifyPage(LoginScenarios2.java:24)
at sun.reflect.NativeMethodAccessorImpl.invoke0(Native Method)
at sun.reflect.NativeMethodAccessorImpl.invoke(NativeMethodAccessorImpl.java:62)
at sun.reflect.DelegatingMethodAccessorImpl.invoke(DelegatingMethodAccessorImpl.java:43)
at java.lang.reflect.Method.invoke(Method.java:498)
at org.testng.internal.MethodInvocationHelper.invokeMethod(MethodInvocationHelper.java:124)
at org.testng.internal.Invoker.invokeMethod(Invoker.java:583)
at org.testng.internal.Invoker.invokeTestMethod(Invoker.java:719)
at org.testng.internal.Invoker.invokeTestMethods(Invoker.java:989)
at org.testng.internal.TestMethodWorker.invokeTestMethods(TestMethodWorker.java:125)
at org.testng.internal.TestMethodWorker.run(TestMethodWorker.java:109)
at java.util.concurrent.ThreadPoolExecutor.runWorker(ThreadPoolExecutor.java:1149)
at java.util.concurrent.ThreadPoolExecutor$Worker.run(ThreadPoolExecutor.java:624)
at java.lang.Thread.run(Thread.java:748)
]]>
            </full-stacktrace>
          </exception> <!-- java.lang.NullPointerException -->
          <reporter-output>
          </reporter-output>
        </test-method> <!-- verifyPage -->
        <test-method status="FAIL" signature="tearDownReport(org.testng.ITestResult)[pri:0, instance:orangeHRM.testcases.LoginScenarios2@691a7f8f]" name="tearDownReport" is-config="true" duration-ms="440" started-at="2020-01-17T14:13:16Z" finished-at="2020-01-17T14:13:16Z">
          <params>
            <param index="0">
              <value>
                <![CDATA[[TestResult name=verifyPage status=FAILURE method=LoginScenarios2.verifyPage()[pri:0, instance:orangeHRM.testcases.LoginScenarios2@691a7f8f] output={null}]]]>
              </value>
            </param>
          </params>
          <exception class="java.lang.NullPointerException">
            <full-stacktrace>
              <![CDATA[java.lang.NullPointerException
at orangeHRM.pages.BaseClass.tearDownReport(BaseClass.java:75)
at sun.reflect.NativeMethodAccessorImpl.invoke0(Native Method)
at sun.reflect.NativeMethodAccessorImpl.invoke(NativeMethodAccessorImpl.java:62)
at sun.reflect.DelegatingMethodAccessorImpl.invoke(DelegatingMethodAccessorImpl.java:43)
at java.lang.reflect.Method.invoke(Method.java:498)
at org.testng.internal.MethodInvocationHelper.invokeMethod(MethodInvocationHelper.java:124)
at org.testng.internal.MethodInvocationHelper.invokeMethodConsideringTimeout(MethodInvocationHelper.java:59)
at org.testng.internal.Invoker.invokeConfigurationMethod(Invoker.java:458)
at org.testng.internal.Invoker.invokeConfigurations(Invoker.java:222)
at org.testng.internal.Invoker.invokeMethod(Invoker.java:646)
at org.testng.internal.Invoker.invokeTestMethod(Invoker.java:719)
at org.testng.internal.Invoker.invokeTestMethods(Invoker.java:989)
at org.testng.internal.TestMethodWorker.invokeTestMethods(TestMethodWorker.java:125)
at org.testng.internal.TestMethodWorker.run(TestMethodWorker.java:109)
at java.util.concurrent.ThreadPoolExecutor.runWorker(ThreadPoolExecutor.java:1149)
at java.util.concurrent.ThreadPoolExecutor$Worker.run(ThreadPoolExecutor.java:624)
at java.lang.Thread.run(Thread.java:748)
]]>
            </full-stacktrace>
          </exception> <!-- java.lang.NullPointerException -->
          <reporter-output>
          </reporter-output>
        </test-method> <!-- tearDownReport -->
      </class> <!-- orangeHRM.testcases.LoginScenarios2 -->
      <class name="orangeHRM.testcases.LoginScenarios">
        <test-method status="PASS" signature="setupReport()[pri:0, instance:orangeHRM.testcases.LoginScenarios@780cb77]" name="setupReport" is-config="true" duration-ms="143" started-at="2020-01-17T14:13:08Z" finished-at="2020-01-17T14:13:08Z">
          <reporter-output>
          </reporter-output>
        </test-method> <!-- setupReport -->
        <test-method status="PASS" signature="setUp()[pri:0, instance:orangeHRM.testcases.LoginScenarios@780cb77]" name="setUp" is-config="true" duration-ms="7667" started-at="2020-01-17T14:13:08Z" finished-at="2020-01-17T14:13:16Z">
          <reporter-output>
          </reporter-output>
        </test-method> <!-- setUp -->
        <test-method status="PASS" signature="verifyPage()[pri:0, instance:orangeHRM.testcases.LoginScenarios@780cb77]" name="verifyPage" duration-ms="38" started-at="2020-01-17T14:13:16Z" finished-at="2020-01-17T14:13:16Z">
          <reporter-output>
          </reporter-output>
        </test-method> <!-- verifyPage -->
        <test-method status="PASS" signature="tearDownReport(org.testng.ITestResult)[pri:0, instance:orangeHRM.testcases.LoginScenarios@780cb77]" name="tearDownReport" is-config="true" duration-ms="595" started-at="2020-01-17T14:13:16Z" finished-at="2020-01-17T14:13:17Z">
          <params>
            <param index="0">
              <value>
                <![CDATA[[TestResult name=verifyPage status=SUCCESS method=LoginScenarios.verifyPage()[pri:0, instance:orangeHRM.testcases.LoginScenarios@780cb77] output={null}]]]>
              </value>
            </param>
          </params>
          <reporter-output>
          </reporter-output>
        </test-method> <!-- tearDownReport -->
        <test-method status="PASS" signature="loginToApplication()[pri:1, instance:orangeHRM.testcases.LoginScenarios@780cb77]" name="loginToApplication" duration-ms="6695" started-at="2020-01-17T14:13:17Z" depends-on-methods="orangeHRM.testcases.LoginScenarios.verifyPage" finished-at="2020-01-17T14:13:23Z">
          <reporter-output>
          </reporter-output>
        </test-method> <!-- loginToApplication -->
        <test-method status="PASS" signature="tearDownReport(org.testng.ITestResult)[pri:0, instance:orangeHRM.testcases.LoginScenarios@780cb77]" name="tearDownReport" is-config="true" duration-ms="122" started-at="2020-01-17T14:13:23Z" finished-at="2020-01-17T14:13:23Z">
          <params>
            <param index="0">
              <value>
                <![CDATA[[TestResult name=loginToApplication status=SUCCESS method=LoginScenarios.loginToApplication()[pri:1, instance:orangeHRM.testcases.LoginScenarios@780cb77] output={null}]]]>
              </value>
            </param>
          </params>
          <reporter-output>
          </reporter-output>
        </test-method> <!-- tearDownReport -->
        <test-method status="PASS" signature="logoutFromApplication()[pri:2, instance:orangeHRM.testcases.LoginScenarios@780cb77]" name="logoutFromApplication" duration-ms="2779" started-at="2020-01-17T14:13:23Z" depends-on-methods="orangeHRM.testcases.LoginScenarios.loginToApplication" finished-at="2020-01-17T14:13:26Z">
          <reporter-output>
          </reporter-output>
        </test-method> <!-- logoutFromApplication -->
        <test-method status="PASS" signature="tearDownReport(org.testng.ITestResult)[pri:0, instance:orangeHRM.testcases.LoginScenarios@780cb77]" name="tearDownReport" is-config="true" duration-ms="103" started-at="2020-01-17T14:13:26Z" finished-at="2020-01-17T14:13:26Z">
          <params>
            <param index="0">
              <value>
                <![CDATA[[TestResult name=logoutFromApplication status=SUCCESS method=LoginScenarios.logoutFromApplication()[pri:2, instance:orangeHRM.testcases.LoginScenarios@780cb77] output={null}]]]>
              </value>
            </param>
          </params>
          <reporter-output>
          </reporter-output>
        </test-method> <!-- tearDownReport -->
        <test-method status="PASS" signature="tearDown()[pri:0, instance:orangeHRM.testcases.LoginScenarios@780cb77]" name="tearDown" is-config="true" duration-ms="154" started-at="2020-01-17T14:13:26Z" finished-at="2020-01-17T14:13:26Z">
          <reporter-output>
          </reporter-output>
        </test-method> <!-- tearDown -->
      </class> <!-- orangeHRM.testcases.LoginScenarios -->
    </test> <!-- Test -->
  </suite> <!-- Suite -->
</testng-results>
