<?xml version="1.0" encoding="UTF-8"?>
<!-- Generated by org.testng.reporters.JUnitXMLReporter -->
<testsuite hostname="DESKTOP-EME2PSH" ignored="1" name="Test" tests="6" failures="0" timestamp="10 Apr 2020 19:07:45 GMT" time="55.698" errors="0">
  <testcase name="verifyPage" time="0.179" classname="orangeHRM.testcases.LoginScenarios"/>
  <testcase name="verifyPage" time="0.18" classname="orangeHRM.testcases.CreateUserFromAdmin"/>
  <testcase name="loginToApplication" time="14.34" classname="orangeHRM.testcases.CreateUserFromAdmin"/>
  <testcase name="loginToApplication" time="17.69" classname="orangeHRM.testcases.LoginScenarios"/>
  <testcase name="logoutFromApplication" time="5.213" classname="orangeHRM.testcases.LoginScenarios"/>
  <testcase name="logoutFromApplication" time="12.989" classname="orangeHRM.testcases.CreateUserFromAdmin"/>
  <testcase name="@BeforeSuite setupReport" time="0.0" classname="orangeHRM.pages.BaseClass">
    <ignored/>
  </testcase> <!-- @BeforeSuite setupReport -->
</testsuite> <!-- Test -->
