<?xml version="1.0" encoding="UTF-8"?>
<!-- Generated by org.testng.reporters.JUnitXMLReporter -->
<testsuite hostname="DESKTOP-8OBLECF" ignored="2" name="Test" tests="6" failures="0" timestamp="19 Jan 2020 04:05:08 GMT" time="25.849" errors="0">
  <testcase name="verifyPage" time="0.145" classname="orangeHRM.testcases.CreateUserFromAdmin"/>
  <testcase name="verifyPage" time="0.149" classname="orangeHRM.testcases.LoginScenarios"/>
  <testcase name="loginToApplication" time="7.135" classname="orangeHRM.testcases.LoginScenarios"/>
  <testcase name="loginToApplication" time="7.708" classname="orangeHRM.testcases.CreateUserFromAdmin"/>
  <testcase name="logoutFromApplication" time="4.177" classname="orangeHRM.testcases.LoginScenarios"/>
  <testcase name="logoutFromApplication" time="7.717" classname="orangeHRM.testcases.CreateUserFromAdmin"/>
  <testcase name="@AfterSuite tearDown" time="0.0" classname="orangeHRM.pages.BaseClass">
    <ignored/>
  </testcase> <!-- @AfterSuite tearDown -->
  <testcase name="@BeforeSuite setupReport" time="0.0" classname="orangeHRM.pages.BaseClass">
    <ignored/>
  </testcase> <!-- @BeforeSuite setupReport -->
</testsuite> <!-- Test -->
