<?xml version="1.0" encoding="UTF-8"?>
<!-- Generated by org.testng.reporters.JUnitXMLReporter -->
<testsuite hostname="DESKTOP-8OBLECF" ignored="0" name="Default test" tests="3" failures="0" timestamp="17 Jan 2020 13:41:23 GMT" time="19.233" errors="0">
  <testcase name="verifyPage" time="0.058" classname="orangeHRM.testcases.LoginScenarios"/>
  <testcase name="loginToApplication" time="6.928" classname="orangeHRM.testcases.LoginScenarios"/>
  <testcase name="logoutFromApplication" time="3.708" classname="orangeHRM.testcases.LoginScenarios"/>
</testsuite> <!-- Default test -->
